<?xml version="1.0" encoding="UTF-8"?>
<robot generator="Robot 5.0.1 (Python 3.10.4 on linux)" generated="20220706 22:46:56.603" rpa="false" schemaversion="3">
<suite id="s1" name="Edimilson" source="/home/edimilsonbraz/Documentos/www/PORTFOLIO/ctd_dh/TESTING_I/Aula_22_Exercicio/edimilson.robot">
<test id="s1-t1" name="Processo de acessar o bugBank" line="7">
<kw name="Acessar o site" library="edimilson">
<kw name="Open Browser" library="SeleniumLibrary">
<arg>${SITE}</arg>
<arg>${NAVEGADOR}</arg>
<doc>Opens a new browser instance to the optional ``url``.</doc>
<msg timestamp="20220706 22:46:56.752" level="INFO">Opening browser 'Chrome' to base url 'https://bugbank.netlify.app/'.</msg>
<status status="PASS" starttime="20220706 22:46:56.752" endtime="20220706 22:46:58.152"/>
</kw>
<kw name="Maximize Browser Window" library="SeleniumLibrary">
<doc>Maximizes current browser window.</doc>
<status status="PASS" starttime="20220706 22:46:58.152" endtime="20220706 22:46:58.257"/>
</kw>
<status status="PASS" starttime="20220706 22:46:56.752" endtime="20220706 22:46:58.257"/>
</kw>
<kw name="Fazer login" library="edimilson">
<kw name="Input Text" library="SeleniumLibrary">
<arg>${CAMPO_EMAIL}</arg>
<arg>${EMAL}</arg>
<doc>Types the given ``text`` into the text field identified by ``locator``.</doc>
<msg timestamp="20220706 22:46:58.258" level="INFO">Typing text 'edimilson@gmail' into text field '__next &gt; div &gt; div.pages__FormBackground-sc-1ee1f2s-2.jNpkvU &gt; div &gt; div.card__login &gt; form &gt; div.style__ContainerFieldInput-sc-s3e9ea-0.kOeYBn.input__child &gt; input'.</msg>
<msg timestamp="20220706 22:46:58.653" level="INFO" html="true">&lt;/td&gt;&lt;/tr&gt;&lt;tr&gt;&lt;td colspan="3"&gt;&lt;a href="selenium-screenshot-4.png"&gt;&lt;img src="selenium-screenshot-4.png" width="800px"&gt;&lt;/a&gt;</msg>
<msg timestamp="20220706 22:46:58.653" level="FAIL">Element with locator '__next &gt; div &gt; div.pages__FormBackground-sc-1ee1f2s-2.jNpkvU &gt; div &gt; div.card__login &gt; form &gt; div.style__ContainerFieldInput-sc-s3e9ea-0.kOeYBn.input__child &gt; input' not found.</msg>
<status status="FAIL" starttime="20220706 22:46:58.257" endtime="20220706 22:46:58.654"/>
</kw>
<kw name="Input Text" library="SeleniumLibrary">
<arg>${CAMPO_SENHA}</arg>
<arg>${SENHA}</arg>
<doc>Types the given ``text`` into the text field identified by ``locator``.</doc>
<status status="NOT RUN" starttime="20220706 22:46:58.654" endtime="20220706 22:46:58.654"/>
</kw>
<kw name="Click Element" library="SeleniumLibrary">
<arg>${BOTAO_LOGIN}</arg>
<doc>Click the element identified by ``locator``.</doc>
<status status="NOT RUN" starttime="20220706 22:46:58.654" endtime="20220706 22:46:58.654"/>
</kw>
<status status="FAIL" starttime="20220706 22:46:58.257" endtime="20220706 22:46:58.654"/>
</kw>
<kw name="Close Browser" library="SeleniumLibrary" type="TEARDOWN">
<doc>Closes the current browser.</doc>
<status status="PASS" starttime="20220706 22:46:58.655" endtime="20220706 22:46:58.711"/>
</kw>
<status status="FAIL" starttime="20220706 22:46:56.751" endtime="20220706 22:46:58.711">Element with locator '__next &gt; div &gt; div.pages__FormBackground-sc-1ee1f2s-2.jNpkvU &gt; div &gt; div.card__login &gt; form &gt; div.style__ContainerFieldInput-sc-s3e9ea-0.kOeYBn.input__child &gt; input' not found.</status>
</test>
<status status="FAIL" starttime="20220706 22:46:56.624" endtime="20220706 22:46:58.712"/>
</suite>
<statistics>
<total>
<stat pass="0" fail="1" skip="0">All Tests</stat>
</total>
<tag>
</tag>
<suite>
<stat pass="0" fail="1" skip="0" id="s1" name="Edimilson">Edimilson</stat>
</suite>
</statistics>
<errors>
</errors>
</robot>
