<?xml version="1.0" encoding="UTF-8"?>
<robot generator="Robot 5.0.1 (Python 3.10.4 on linux)" generated="20220706 23:00:32.734" rpa="false" schemaversion="3">
<suite id="s1" name="Edimilson" source="/home/edimilsonbraz/Documentos/www/PORTFOLIO/ctd_dh/TESTING_I/Aula_22_Exercicio/edimilson.robot">
<test id="s1-t1" name="Processo de acessar o bugBank" line="7">
<kw name="Acessar o site" library="edimilson">
<kw name="Open Browser" library="SeleniumLibrary">
<arg>${SITE}</arg>
<arg>${NAVEGADOR}</arg>
<doc>Opens a new browser instance to the optional ``url``.</doc>
<msg timestamp="20220706 23:00:32.872" level="INFO">Opening browser 'Chrome' to base url 'https://bugbank.netlify.app/'.</msg>
<status status="PASS" starttime="20220706 23:00:32.872" endtime="20220706 23:00:34.545"/>
</kw>
<kw name="Maximize Browser Window" library="SeleniumLibrary">
<doc>Maximizes current browser window.</doc>
<status status="PASS" starttime="20220706 23:00:34.545" endtime="20220706 23:00:34.650"/>
</kw>
<status status="PASS" starttime="20220706 23:00:32.872" endtime="20220706 23:00:34.651"/>
</kw>
<kw name="Fazer login" library="edimilson">
<kw name="Input Text" library="SeleniumLibrary">
<arg>${CAMPO_EMAIL}</arg>
<arg>${EMAL}</arg>
<doc>Types the given ``text`` into the text field identified by ``locator``.</doc>
<msg timestamp="20220706 23:00:34.652" level="INFO">Typing text 'edimilson@gmail' into text field 'css=.style__ContainerFormLogin-sc-1wbjw6k-0 &gt; .style__ContainerFieldInput-sc-s3e9ea-0 &gt; .input__default'.</msg>
<status status="PASS" starttime="20220706 23:00:34.651" endtime="20220706 23:00:34.810"/>
</kw>
<kw name="Input Text" library="SeleniumLibrary">
<arg>${CAMPO_SENHA}</arg>
<arg>${SENHA}</arg>
<doc>Types the given ``text`` into the text field identified by ``locator``.</doc>
<msg timestamp="20220706 23:00:34.811" level="INFO">Typing text '123456' into text field 'css=.login__password:nth-child(2) .input__default'.</msg>
<status status="PASS" starttime="20220706 23:00:34.811" endtime="20220706 23:00:34.891"/>
</kw>
<kw name="Click Element" library="SeleniumLibrary">
<arg>${BOTAO_LOGIN}</arg>
<doc>Click the element identified by ``locator``.</doc>
<msg timestamp="20220706 23:00:34.892" level="INFO">Clicking element 'css=.otUnI'.</msg>
<status status="PASS" starttime="20220706 23:00:34.892" endtime="20220706 23:00:34.939"/>
</kw>
<status status="PASS" starttime="20220706 23:00:34.651" endtime="20220706 23:00:34.939"/>
</kw>
<kw name="Close Browser" library="SeleniumLibrary" type="TEARDOWN">
<doc>Closes the current browser.</doc>
<status status="PASS" starttime="20220706 23:00:34.940" endtime="20220706 23:00:34.997"/>
</kw>
<status status="PASS" starttime="20220706 23:00:32.871" endtime="20220706 23:00:34.997"/>
</test>
<status status="PASS" starttime="20220706 23:00:32.735" endtime="20220706 23:00:34.998"/>
</suite>
<statistics>
<total>
<stat pass="1" fail="0" skip="0">All Tests</stat>
</total>
<tag>
</tag>
<suite>
<stat pass="1" fail="0" skip="0" id="s1" name="Edimilson">Edimilson</stat>
</suite>
</statistics>
<errors>
</errors>
</robot>
