<?xml version="1.0" encoding="UTF-8"?>
<robot generator="Robot 5.0.1 (Python 3.10.4 on linux)" generated="20220712 15:58:52.843" rpa="false" schemaversion="3">
<suite id="s1" name="DH" source="/home/edimilsonbraz/Documentos/www/PORTFOLIO/ctd_dh/TESTING_I/Aula_23_Revisao/DH.robot">
<test id="s1-t1" name="Validação das informações do curso de Data Analytics" line="8">
<kw name="Abrir o novo site da Digital House Brasil" library="DH" type="SETUP">
<kw name="Open Browser" library="SeleniumLibrary">
<arg>${SITE}</arg>
<arg>${NAVEGADOR}</arg>
<doc>Opens a new browser instance to the optional ``url``.</doc>
<msg timestamp="20220712 15:58:52.973" level="INFO">Opening browser 'Chrome' to base url 'https://www.digitalhouse.com/br'.</msg>
<status status="PASS" starttime="20220712 15:58:52.973" endtime="20220712 15:58:57.742"/>
</kw>
<kw name="Maximize Browser Window" library="SeleniumLibrary">
<doc>Maximizes current browser window.</doc>
<status status="PASS" starttime="20220712 15:58:57.742" endtime="20220712 15:58:57.851"/>
</kw>
<status status="PASS" starttime="20220712 15:58:52.973" endtime="20220712 15:58:57.851"/>
</kw>
<kw name="Clicar em &quot;Aceitar Cookies&quot;" library="DH">
<kw name="Sleep" library="BuiltIn">
<arg>2</arg>
<doc>Pauses the test executed for the given time.</doc>
<msg timestamp="20220712 15:58:59.852" level="INFO">Slept 2 seconds</msg>
<status status="PASS" starttime="20220712 15:58:57.852" endtime="20220712 15:58:59.853"/>
</kw>
<kw name="Select Frame" library="SeleniumLibrary">
<arg>${IFRAME_COOKIES}</arg>
<doc>Sets frame identified by ``locator`` as the current frame.</doc>
<msg timestamp="20220712 15:58:59.854" level="INFO">Selecting frame 'xpath=/html/body/iframe[2]'.</msg>
<status status="PASS" starttime="20220712 15:58:59.853" endtime="20220712 15:58:59.915"/>
</kw>
<kw name="Wait and Click" library="DH">
<arg>${BOTAO_COOKIES}</arg>
<kw name="Wait Until Element Is Visible" library="SeleniumLibrary">
<arg>${ELEMENTO}</arg>
<doc>Waits until the element ``locator`` is visible.</doc>
<status status="PASS" starttime="20220712 15:58:59.915" endtime="20220712 15:58:59.946"/>
</kw>
<kw name="Click Element" library="SeleniumLibrary">
<arg>${ELEMENTO}</arg>
<doc>Click the element identified by ``locator``.</doc>
<msg timestamp="20220712 15:58:59.946" level="INFO">Clicking element 'xpath=/html/body/div/div/div[1]/div[1]/div[2]/div[1]/div[2]'.</msg>
<status status="PASS" starttime="20220712 15:58:59.946" endtime="20220712 15:59:00.018"/>
</kw>
<status status="PASS" starttime="20220712 15:58:59.915" endtime="20220712 15:59:00.018"/>
</kw>
<kw name="Unselect Frame" library="SeleniumLibrary">
<doc>Sets the main frame as the current frame.</doc>
<status status="PASS" starttime="20220712 15:59:00.018" endtime="20220712 15:59:00.019"/>
</kw>
<status status="PASS" starttime="20220712 15:58:57.852" endtime="20220712 15:59:00.019"/>
</kw>
<kw name="Clicar em “Ver outros cursos”" library="DH">
<kw name="Wait and Click" library="DH">
<arg>${OUTROS_CURSOS}</arg>
<kw name="Wait Until Element Is Visible" library="SeleniumLibrary">
<arg>${ELEMENTO}</arg>
<doc>Waits until the element ``locator`` is visible.</doc>
<status status="PASS" starttime="20220712 15:59:00.020" endtime="20220712 15:59:00.038"/>
</kw>
<kw name="Click Element" library="SeleniumLibrary">
<arg>${ELEMENTO}</arg>
<doc>Click the element identified by ``locator``.</doc>
<msg timestamp="20220712 15:59:00.038" level="INFO">Clicking element 'css=#__next &gt; div &gt; main &gt; section &gt; div &gt; div.mt-8.flex.justify-center &gt; div &gt; a'.</msg>
<status status="PASS" starttime="20220712 15:59:00.038" endtime="20220712 15:59:01.268"/>
</kw>
<status status="PASS" starttime="20220712 15:59:00.020" endtime="20220712 15:59:01.268"/>
</kw>
<status status="PASS" starttime="20220712 15:59:00.019" endtime="20220712 15:59:01.268"/>
</kw>
<kw name="Selecionar o curso “Data Analytics”" library="DH">
<kw name="Wait and Click" library="DH">
<arg>${DATA_ANALYTICS}</arg>
<kw name="Wait Until Element Is Visible" library="SeleniumLibrary">
<arg>${ELEMENTO}</arg>
<doc>Waits until the element ``locator`` is visible.</doc>
<status status="PASS" starttime="20220712 15:59:01.269" endtime="20220712 15:59:01.290"/>
</kw>
<kw name="Click Element" library="SeleniumLibrary">
<arg>${ELEMENTO}</arg>
<doc>Click the element identified by ``locator``.</doc>
<msg timestamp="20220712 15:59:01.290" level="INFO">Clicking element 'xpath=//*[@id="__next"]/div/main/section[2]/div/div/div[3]/a'.</msg>
<status status="PASS" starttime="20220712 15:59:01.290" endtime="20220712 15:59:02.795"/>
</kw>
<status status="PASS" starttime="20220712 15:59:01.269" endtime="20220712 15:59:02.795"/>
</kw>
<status status="PASS" starttime="20220712 15:59:01.269" endtime="20220712 15:59:02.795"/>
</kw>
<kw name="Verificar se o texto de chamada do curso está certo" library="DH">
<kw name="Page Should Contain" library="SeleniumLibrary">
<arg>${CHAMADA_DATA_ANALYTICS}</arg>
<doc>Verifies that current page contains ``text``.</doc>
<msg timestamp="20220712 15:59:02.813" level="INFO">Current page contains text 'voltado para qualquer pessoa que deseja ampliar suas capacidades analíticas'.</msg>
<status status="PASS" starttime="20220712 15:59:02.796" endtime="20220712 15:59:02.813"/>
</kw>
<status status="PASS" starttime="20220712 15:59:02.795" endtime="20220712 15:59:02.814"/>
</kw>
<kw name="Verificar se a descrição do curso contém está correta" library="DH">
<kw name="Page Should Contain" library="SeleniumLibrary">
<arg>${DESCRICAO_DATA_ANALYTICS}</arg>
<doc>Verifies that current page contains ``text``.</doc>
<msg timestamp="20220712 15:59:02.832" level="INFO">Current page contains text 'pessoas interessadas em business intelligence'.</msg>
<status status="PASS" starttime="20220712 15:59:02.814" endtime="20220712 15:59:02.832"/>
</kw>
<status status="PASS" starttime="20220712 15:59:02.814" endtime="20220712 15:59:02.832"/>
</kw>
<kw name="Clicar em &quot;Inscreva-se agora&quot;" library="DH">
<kw name="Wait and Click" library="DH">
<arg>${BOTAO_INSCREVER-AGORA}</arg>
<kw name="Wait Until Element Is Visible" library="SeleniumLibrary">
<arg>${ELEMENTO}</arg>
<doc>Waits until the element ``locator`` is visible.</doc>
<status status="PASS" starttime="20220712 15:59:02.833" endtime="20220712 15:59:02.851"/>
</kw>
<kw name="Click Element" library="SeleniumLibrary">
<arg>${ELEMENTO}</arg>
<doc>Click the element identified by ``locator``.</doc>
<msg timestamp="20220712 15:59:02.852" level="INFO">Clicking element 'xpath=//*[@id="__next"]/div/main/section/div/div/div[1]/div/div[2]/div[1]/a'.</msg>
<status status="PASS" starttime="20220712 15:59:02.851" endtime="20220712 15:59:02.900"/>
</kw>
<status status="PASS" starttime="20220712 15:59:02.832" endtime="20220712 15:59:02.900"/>
</kw>
<status status="PASS" starttime="20220712 15:59:02.832" endtime="20220712 15:59:02.900"/>
</kw>
<kw name="Clicar em “Inscreva-se”" library="DH">
<kw name="Wait and Click" library="DH">
<arg>${BOTAO_INSCREVER-SE}</arg>
<kw name="Wait Until Element Is Visible" library="SeleniumLibrary">
<arg>${ELEMENTO}</arg>
<doc>Waits until the element ``locator`` is visible.</doc>
<status status="PASS" starttime="20220712 15:59:02.901" endtime="20220712 15:59:02.965"/>
</kw>
<kw name="Click Element" library="SeleniumLibrary">
<arg>${ELEMENTO}</arg>
<doc>Click the element identified by ``locator``.</doc>
<msg timestamp="20220712 15:59:02.965" level="INFO">Clicking element 'xpath=//*[@id="0"]/div/a'.</msg>
<status status="PASS" starttime="20220712 15:59:02.965" endtime="20220712 15:59:04.264"/>
</kw>
<status status="PASS" starttime="20220712 15:59:02.900" endtime="20220712 15:59:04.264"/>
</kw>
<status status="PASS" starttime="20220712 15:59:02.900" endtime="20220712 15:59:04.265"/>
</kw>
<kw name="Validar que o valor do curso é “R$10.315”" library="DH">
<kw name="Execute Javascript" library="SeleniumLibrary">
<arg>window.scroll(0,500)</arg>
<doc>Executes the given JavaScript code with possible arguments.</doc>
<msg timestamp="20220712 15:59:04.268" level="INFO">Executing JavaScript:
window.scroll(0,500)
Without any arguments.</msg>
<status status="PASS" starttime="20220712 15:59:04.267" endtime="20220712 15:59:04.291"/>
</kw>
<kw name="Page Should Contain" library="SeleniumLibrary">
<arg>R$10.315</arg>
<doc>Verifies that current page contains ``text``.</doc>
<msg timestamp="20220712 15:59:04.367" level="INFO">Current page contains text 'R$10.315'.</msg>
<status status="PASS" starttime="20220712 15:59:04.292" endtime="20220712 15:59:04.367"/>
</kw>
<status status="PASS" starttime="20220712 15:59:04.265" endtime="20220712 15:59:04.367"/>
</kw>
<kw name="Close Browser" library="SeleniumLibrary" type="TEARDOWN">
<doc>Closes the current browser.</doc>
<status status="PASS" starttime="20220712 15:59:04.368" endtime="20220712 15:59:04.431"/>
</kw>
<status status="PASS" starttime="20220712 15:58:52.972" endtime="20220712 15:59:04.431"/>
</test>
<test id="s1-t2" name="Validação das informações do curso de Data Science" line="18">
<kw name="Abrir o novo site da Digital House Brasil" library="DH" type="SETUP">
<kw name="Open Browser" library="SeleniumLibrary">
<arg>${SITE}</arg>
<arg>${NAVEGADOR}</arg>
<doc>Opens a new browser instance to the optional ``url``.</doc>
<msg timestamp="20220712 15:59:04.433" level="INFO">Opening browser 'Chrome' to base url 'https://www.digitalhouse.com/br'.</msg>
<status status="PASS" starttime="20220712 15:59:04.432" endtime="20220712 15:59:08.183"/>
</kw>
<kw name="Maximize Browser Window" library="SeleniumLibrary">
<doc>Maximizes current browser window.</doc>
<status status="PASS" starttime="20220712 15:59:08.183" endtime="20220712 15:59:08.317"/>
</kw>
<status status="PASS" starttime="20220712 15:59:04.432" endtime="20220712 15:59:08.317"/>
</kw>
<kw name="Clicar em &quot;Aceitar Cookies&quot;" library="DH">
<kw name="Sleep" library="BuiltIn">
<arg>2</arg>
<doc>Pauses the test executed for the given time.</doc>
<msg timestamp="20220712 15:59:10.318" level="INFO">Slept 2 seconds</msg>
<status status="PASS" starttime="20220712 15:59:08.318" endtime="20220712 15:59:10.318"/>
</kw>
<kw name="Select Frame" library="SeleniumLibrary">
<arg>${IFRAME_COOKIES}</arg>
<doc>Sets frame identified by ``locator`` as the current frame.</doc>
<msg timestamp="20220712 15:59:10.319" level="INFO">Selecting frame 'xpath=/html/body/iframe[2]'.</msg>
<status status="PASS" starttime="20220712 15:59:10.319" endtime="20220712 15:59:10.352"/>
</kw>
<kw name="Wait and Click" library="DH">
<arg>${BOTAO_COOKIES}</arg>
<kw name="Wait Until Element Is Visible" library="SeleniumLibrary">
<arg>${ELEMENTO}</arg>
<doc>Waits until the element ``locator`` is visible.</doc>
<status status="PASS" starttime="20220712 15:59:10.352" endtime="20220712 15:59:10.374"/>
</kw>
<kw name="Click Element" library="SeleniumLibrary">
<arg>${ELEMENTO}</arg>
<doc>Click the element identified by ``locator``.</doc>
<msg timestamp="20220712 15:59:10.374" level="INFO">Clicking element 'xpath=/html/body/div/div/div[1]/div[1]/div[2]/div[1]/div[2]'.</msg>
<status status="PASS" starttime="20220712 15:59:10.374" endtime="20220712 15:59:10.431"/>
</kw>
<status status="PASS" starttime="20220712 15:59:10.352" endtime="20220712 15:59:10.431"/>
</kw>
<kw name="Unselect Frame" library="SeleniumLibrary">
<doc>Sets the main frame as the current frame.</doc>
<status status="PASS" starttime="20220712 15:59:10.431" endtime="20220712 15:59:10.432"/>
</kw>
<status status="PASS" starttime="20220712 15:59:08.317" endtime="20220712 15:59:10.432"/>
</kw>
<kw name="Clicar em “Ver outros cursos”" library="DH">
<kw name="Wait and Click" library="DH">
<arg>${OUTROS_CURSOS}</arg>
<kw name="Wait Until Element Is Visible" library="SeleniumLibrary">
<arg>${ELEMENTO}</arg>
<doc>Waits until the element ``locator`` is visible.</doc>
<status status="PASS" starttime="20220712 15:59:10.433" endtime="20220712 15:59:10.452"/>
</kw>
<kw name="Click Element" library="SeleniumLibrary">
<arg>${ELEMENTO}</arg>
<doc>Click the element identified by ``locator``.</doc>
<msg timestamp="20220712 15:59:10.452" level="INFO">Clicking element 'css=#__next &gt; div &gt; main &gt; section &gt; div &gt; div.mt-8.flex.justify-center &gt; div &gt; a'.</msg>
<status status="PASS" starttime="20220712 15:59:10.452" endtime="20220712 15:59:11.635"/>
</kw>
<status status="PASS" starttime="20220712 15:59:10.433" endtime="20220712 15:59:11.636"/>
</kw>
<status status="PASS" starttime="20220712 15:59:10.433" endtime="20220712 15:59:11.637"/>
</kw>
<kw name="Selecionar o curso “Data Science”" library="DH">
<kw name="Wait and Click" library="DH">
<arg>${DATA_SCIENCE}</arg>
<kw name="Wait Until Element Is Visible" library="SeleniumLibrary">
<arg>${ELEMENTO}</arg>
<doc>Waits until the element ``locator`` is visible.</doc>
<status status="PASS" starttime="20220712 15:59:11.638" endtime="20220712 15:59:11.662"/>
</kw>
<kw name="Click Element" library="SeleniumLibrary">
<arg>${ELEMENTO}</arg>
<doc>Click the element identified by ``locator``.</doc>
<msg timestamp="20220712 15:59:11.663" level="INFO">Clicking element 'xpath=//*[@id="__next"]/div/main/section[2]/div/div/div[4]/a'.</msg>
<status status="PASS" starttime="20220712 15:59:11.662" endtime="20220712 15:59:13.246"/>
</kw>
<status status="PASS" starttime="20220712 15:59:11.638" endtime="20220712 15:59:13.246"/>
</kw>
<status status="PASS" starttime="20220712 15:59:11.637" endtime="20220712 15:59:13.247"/>
</kw>
<kw name="Verificar se o texto de chamada do curso de Data Sciense está correto" library="DH">
<kw name="Page Should Contain" library="SeleniumLibrary">
<arg>${CHAMADA_DATA_SCIENSE}</arg>
<doc>Verifies that current page contains ``text``.</doc>
<msg timestamp="20220712 15:59:13.274" level="INFO">Current page contains text 'profissionais de diversas áreas que desejam melhorar sua comunicação como engenheiros de Big Data'.</msg>
<status status="PASS" starttime="20220712 15:59:13.247" endtime="20220712 15:59:13.274"/>
</kw>
<status status="PASS" starttime="20220712 15:59:13.247" endtime="20220712 15:59:13.274"/>
</kw>
<kw name="Verificar se a descrição do curso de Data Sciense está correta" library="DH">
<kw name="Page Should Contain" library="SeleniumLibrary">
<arg>${DESCRICAO_DATA_SCIENSE}</arg>
<doc>Verifies that current page contains ``text``.</doc>
<msg timestamp="20220712 15:59:13.292" level="INFO">Current page contains text 'adquirir habilidades práticas com as ferramentas específicas para fazer análises'.</msg>
<status status="PASS" starttime="20220712 15:59:13.274" endtime="20220712 15:59:13.292"/>
</kw>
<status status="PASS" starttime="20220712 15:59:13.274" endtime="20220712 15:59:13.293"/>
</kw>
<kw name="Clicar em &quot;Inscreva-se agora&quot;" library="DH">
<kw name="Wait and Click" library="DH">
<arg>${BOTAO_INSCREVER-AGORA}</arg>
<kw name="Wait Until Element Is Visible" library="SeleniumLibrary">
<arg>${ELEMENTO}</arg>
<doc>Waits until the element ``locator`` is visible.</doc>
<status status="PASS" starttime="20220712 15:59:13.293" endtime="20220712 15:59:13.312"/>
</kw>
<kw name="Click Element" library="SeleniumLibrary">
<arg>${ELEMENTO}</arg>
<doc>Click the element identified by ``locator``.</doc>
<msg timestamp="20220712 15:59:13.313" level="INFO">Clicking element 'xpath=//*[@id="__next"]/div/main/section/div/div/div[1]/div/div[2]/div[1]/a'.</msg>
<status status="PASS" starttime="20220712 15:59:13.313" endtime="20220712 15:59:13.379"/>
</kw>
<status status="PASS" starttime="20220712 15:59:13.293" endtime="20220712 15:59:13.380"/>
</kw>
<status status="PASS" starttime="20220712 15:59:13.293" endtime="20220712 15:59:13.380"/>
</kw>
<kw name="Clicar em “Inscreva-se”" library="DH">
<kw name="Wait and Click" library="DH">
<arg>${BOTAO_INSCREVER-SE}</arg>
<kw name="Wait Until Element Is Visible" library="SeleniumLibrary">
<arg>${ELEMENTO}</arg>
<doc>Waits until the element ``locator`` is visible.</doc>
<status status="PASS" starttime="20220712 15:59:13.381" endtime="20220712 15:59:13.413"/>
</kw>
<kw name="Click Element" library="SeleniumLibrary">
<arg>${ELEMENTO}</arg>
<doc>Click the element identified by ``locator``.</doc>
<msg timestamp="20220712 15:59:13.413" level="INFO">Clicking element 'xpath=//*[@id="0"]/div/a'.</msg>
<status status="PASS" starttime="20220712 15:59:13.413" endtime="20220712 15:59:14.662"/>
</kw>
<status status="PASS" starttime="20220712 15:59:13.381" endtime="20220712 15:59:14.663"/>
</kw>
<status status="PASS" starttime="20220712 15:59:13.380" endtime="20220712 15:59:14.663"/>
</kw>
<kw name="Validar que o valor do curso é “R$ 11.878”" library="DH">
<kw name="Execute Javascript" library="SeleniumLibrary">
<arg>window.scroll(0,500)</arg>
<doc>Executes the given JavaScript code with possible arguments.</doc>
<msg timestamp="20220712 15:59:14.665" level="INFO">Executing JavaScript:
window.scroll(0,500)
Without any arguments.</msg>
<status status="PASS" starttime="20220712 15:59:14.664" endtime="20220712 15:59:14.676"/>
</kw>
<kw name="Page Should Contain" library="SeleniumLibrary">
<arg>R$11.878</arg>
<doc>Verifies that current page contains ``text``.</doc>
<msg timestamp="20220712 15:59:14.705" level="INFO">Current page contains text 'R$11.878'.</msg>
<status status="PASS" starttime="20220712 15:59:14.676" endtime="20220712 15:59:14.705"/>
</kw>
<status status="PASS" starttime="20220712 15:59:14.663" endtime="20220712 15:59:14.705"/>
</kw>
<kw name="Close Browser" library="SeleniumLibrary" type="TEARDOWN">
<doc>Closes the current browser.</doc>
<status status="PASS" starttime="20220712 15:59:14.706" endtime="20220712 15:59:14.773"/>
</kw>
<status status="PASS" starttime="20220712 15:59:04.431" endtime="20220712 15:59:14.773"/>
</test>
<status status="PASS" starttime="20220712 15:58:52.844" endtime="20220712 15:59:14.774"/>
</suite>
<statistics>
<total>
<stat pass="2" fail="0" skip="0">All Tests</stat>
</total>
<tag>
</tag>
<suite>
<stat pass="2" fail="0" skip="0" id="s1" name="DH">DH</stat>
</suite>
</statistics>
<errors>
</errors>
</robot>
